Traceback (most recent call last):
  File "/home/jonas/gits/wakes/foxes/.venv/lib/python3.10/site-packages/nbclient/client.py", line 782, in _async_poll_for_reply
    msg = await ensure_async(self.kc.shell_channel.get_msg(timeout=new_timeout))
  File "/home/jonas/gits/wakes/foxes/.venv/lib/python3.10/site-packages/jupyter_core/utils/__init__.py", line 214, in ensure_async
    result = await obj
  File "/home/jonas/gits/wakes/foxes/.venv/lib/python3.10/site-packages/jupyter_client/channels.py", line 316, in get_msg
    raise Empty
_queue.Empty

During handling of the above exception, another exception occurred:

Traceback (most recent call last):
  File "/home/jonas/gits/wakes/foxes/.venv/lib/python3.10/site-packages/jupyter_cache/executors/utils.py", line 58, in single_nb_execution
    executenb(
  File "/home/jonas/gits/wakes/foxes/.venv/lib/python3.10/site-packages/nbclient/client.py", line 1323, in execute
    return NotebookClient(nb=nb, resources=resources, km=km, **kwargs).execute()
  File "/home/jonas/gits/wakes/foxes/.venv/lib/python3.10/site-packages/jupyter_core/utils/__init__.py", line 165, in wrapped
    return loop.run_until_complete(inner)
  File "/home/jonas/.local/share/uv/python/cpython-3.10.19-linux-x86_64-gnu/lib/python3.10/asyncio/base_events.py", line 649, in run_until_complete
    return future.result()
  File "/home/jonas/gits/wakes/foxes/.venv/lib/python3.10/site-packages/nbclient/client.py", line 709, in async_execute
    await self.async_execute_cell(
  File "/home/jonas/gits/wakes/foxes/.venv/lib/python3.10/site-packages/nbclient/client.py", line 1005, in async_execute_cell
    exec_reply = await self.task_poll_for_reply
  File "/home/jonas/gits/wakes/foxes/.venv/lib/python3.10/site-packages/nbclient/client.py", line 806, in _async_poll_for_reply
    error_on_timeout_execute_reply = await self._async_handle_timeout(timeout, cell)
  File "/home/jonas/gits/wakes/foxes/.venv/lib/python3.10/site-packages/nbclient/client.py", line 856, in _async_handle_timeout
    raise CellTimeoutError.error_from_timeout_and_cell(
nbclient.exceptions.CellTimeoutError: A cell timed out while it was being executed, after 30 seconds.
The message was: Cell execution timed out.
Here is a preview of the cell contents:
-------------------
# compute data of all images in the animation:
with engine:
    of = foxes.output.FlowPlots2D(algo, farm_results)
    plot_data = of.get_states_data_xy(
        FV.WS,
        resolution=30,
        xmax=5000,
        ymax=5000,
        vmin=0,
    )
-------------------

